c:\users\ryan.bates\desktop\geometry\camera_tutorial\camera_tutorial\debug\vc140.pdb
c:\users\ryan.bates\desktop\geometry\camera_tutorial\camera_tutorial\debug\vc140.idb
c:\users\ryan.bates\desktop\geometry\camera_tutorial\camera_tutorial\debug\camera.obj
c:\users\ryan.bates\desktop\geometry\camera_tutorial\camera_tutorial\debug\flycamera.obj
c:\users\ryan.bates\desktop\geometry\camera_tutorial\camera_tutorial\debug\geometry.obj
c:\users\ryan.bates\desktop\geometry\camera_tutorial\camera_tutorial\debug\main.obj
c:\users\ryan.bates\desktop\geometry\camera_tutorial\camera_tutorial\debug\sources.obj
c:\users\ryan.bates\desktop\geometry\camera_tutorial\camera_tutorial\debug\window.obj
c:\users\ryan.bates\desktop\geometry\camera_tutorial\camera_tutorial\debug\gl_core_4_4.obj
c:\users\ryan.bates\desktop\geometry\camera_tutorial\debug\camera_tutorial.pdb
c:\users\ryan.bates\desktop\geometry\camera_tutorial\camera_tutorial\debug\camera_tutorial.tlog\cl.command.1.tlog
c:\users\ryan.bates\desktop\geometry\camera_tutorial\camera_tutorial\debug\camera_tutorial.tlog\cl.read.1.tlog
c:\users\ryan.bates\desktop\geometry\camera_tutorial\camera_tutorial\debug\camera_tutorial.tlog\cl.write.1.tlog
c:\users\ryan.bates\desktop\geometry\camera_tutorial\camera_tutorial\debug\camera_tutorial.tlog\link-cvtres.read.1.tlog
c:\users\ryan.bates\desktop\geometry\camera_tutorial\camera_tutorial\debug\camera_tutorial.tlog\link-cvtres.write.1.tlog
c:\users\ryan.bates\desktop\geometry\camera_tutorial\camera_tutorial\debug\camera_tutorial.tlog\link-rc.read.1.tlog
c:\users\ryan.bates\desktop\geometry\camera_tutorial\camera_tutorial\debug\camera_tutorial.tlog\link-rc.write.1.tlog
c:\users\ryan.bates\desktop\geometry\camera_tutorial\camera_tutorial\debug\camera_tutorial.tlog\link.command.1.tlog
c:\users\ryan.bates\desktop\geometry\camera_tutorial\camera_tutorial\debug\camera_tutorial.tlog\link.read.1.tlog
c:\users\ryan.bates\desktop\geometry\camera_tutorial\camera_tutorial\debug\camera_tutorial.tlog\link.write.1.tlog
